<?xml version="1.0" encoding="UTF-8"?>
<!-- Generated by org.testng.reporters.JUnitReportReporter -->
<testsuite skipped="0" hostname="TransOrg-UIX" name="com.veryemp.testscripts.ChangePassword" tests="5" failures="0" timestamp="26 Jun 2018 17:14:48 GMT" time="3.047" errors="0">
  <testcase name="loginAPI" time="0.299" classname="com.veryemp.testscripts.ChangePassword"/>
  <testcase name="changePasswordWithIncorrectExistingPassword" time="0.535" classname="com.veryemp.testscripts.ChangePassword"/>
  <testcase name="chagePasswordWithLastThreePassword" time="0.812" classname="com.veryemp.testscripts.ChangePassword"/>
  <testcase name="chagePasswordWithValidCredentials" time="0.897" classname="com.veryemp.testscripts.ChangePassword"/>
  <testcase name="changePasswordWithInvalidPasswordFormat" time="0.504" classname="com.veryemp.testscripts.ChangePassword"/>
</testsuite> <!-- com.veryemp.testscripts.ChangePassword -->
