<?xml version="1.0" encoding="UTF-8"?>
<!-- Generated by org.testng.reporters.JUnitReportReporter -->
<testsuite skipped="1" hostname="TransOrg-UIX" name="com.veryemp.testscripts.Login_API" tests="3" failures="0" timestamp="08 Aug 2018 09:41:24 GMT" time="6.423" errors="0">
  <testcase name="invalidUserName" time="0.123" classname="com.veryemp.testscripts.Login_API"/>
  <testcase name="verfyIncorrectLogin" time="6.300" classname="com.veryemp.testscripts.Login_API"/>
  <testcase name="verifyCorrectLogin" classname="com.veryemp.testscripts.Login_API">
    <skipped/>
  </testcase> <!-- verifyCorrectLogin -->
</testsuite> <!-- com.veryemp.testscripts.Login_API -->
