<?xml version="1.0" encoding="UTF-8"?>
<!-- Generated by org.testng.reporters.JUnitReportReporter -->
<testsuite skipped="0" hostname="TransOrg-UIX" name="com.veryemp.testscripts.Base" tests="1" failures="0" timestamp="18 Jun 2018 05:19:20 GMT" time="0.266" errors="0">
  <testcase name="changePassword" time="0.266" classname="com.veryemp.testscripts.Base"/>
</testsuite> <!-- com.veryemp.testscripts.Base -->
