<?xml version="1.0" encoding="UTF-8"?>
<!-- Generated by org.testng.reporters.JUnitReportReporter -->
<testsuite skipped="0" hostname="TransOrg-UIX" name="com.veryemp.testscripts.ChngPass" tests="2" failures="0" timestamp="21 Jun 2018 10:43:48 GMT" time="7.820" errors="0">
  <testcase name="validLogin" time="5.608" classname="com.veryemp.testscripts.ChngPass"/>
  <testcase name="chagePasswordWithValidCredentials" time="2.212" classname="com.veryemp.testscripts.ChngPass"/>
</testsuite> <!-- com.veryemp.testscripts.ChngPass -->
