<?xml version="1.0" encoding="UTF-8"?>
<!-- Generated by org.testng.reporters.JUnitReportReporter -->
<testsuite skipped="0" hostname="TransOrg-UIX" name="com.veryemp.testscripts.Tc_001" tests="2" failures="0" timestamp="17 Jun 2018 08:36:10 GMT" time="3.889" errors="0">
  <testcase name="verifyIncorrectLogin" time="1.015" classname="com.veryemp.testscripts.Tc_001"/>
  <testcase name="verifyCorrectLogin" time="2.874" classname="com.veryemp.testscripts.Tc_001"/>
</testsuite> <!-- com.veryemp.testscripts.Tc_001 -->
